#
# A fatal error has been detected by the Java Runtime Environment:
#
#  SIGSEGV (0xb) at pc=0x00007f63a8c43fb2, pid=20306, tid=20328
#
# JRE version: Java(TM) SE Runtime Environment (10.0.1+10) (build 10.0.1+10)
# Java VM: Java HotSpot(TM) 64-Bit Server VM (10.0.1+10, mixed mode, tiered, compressed oops, g1 gc, linux-amd64)
# Problematic frame:
# C  [libjimage.so+0x3fb2]  ImageStrings::find(Endian*, char const*, int*, unsigned int)+0x42
#
# No core dump will be written. Core dumps have been disabled. To enable core dumping, try "ulimit -c unlimited" before starting Java again
#
# If you would like to submit a bug report, please visit:
#   http://bugreport.java.com/bugreport/crash.jsp
#

---------------  S U M M A R Y ------------

Command Line: -agentlib:jdwp=transport=dt_socket,suspend=y,address=localhost:37696 -Dfile.encoding=UTF-8 my.teste.ExampleJob

Host: Intel(R) Xeon(R) CPU E3-1505M v5 @ 2.80GHz, 4 cores, 3G, Linux Mint 18 Sarah
Time: Mon Jul  9 22:19:49 2018 BRT elapsed time: 4151 seconds (0d 1h 9m 11s)

---------------  T H R E A D  ---------------

Current thread (0x00007f63a4105800):  JavaThread "Signal Dispatcher" daemon [_thread_in_vm, id=20328, stack(0x00007f6378189000,0x00007f637828a000)]

Stack: [0x00007f6378189000,0x00007f637828a000],  sp=0x00007f6378287220,  free space=1016k
Native frames: (J=compiled Java code, A=aot compiled Java code, j=interpreted, Vv=VM code, C=native code)
C  [libjimage.so+0x3fb2]  ImageStrings::find(Endian*, char const*, int*, unsigned int)+0x42
C  [libjimage.so+0x4b8c]  ImageFileReader::find_location_index(char const*, unsigned long long*) const+0x3c
C  [libjimage.so+0x505a]  JIMAGE_FindResource+0xba
V  [libjvm.so+0x5f853e]